# JRE version: OpenJDK Runtime Environment (8.0_242-b01) (build 1.8.0_242-release-1644-b01)
# Java VM: OpenJDK 64-Bit Server VM (25.242-b01 mixed mode windows-amd64 compressed oops)
Heap:
 PSYoungGen      total 627712K, used 419491K [0x00000000d5580000, 0x0000000100000000, 0x0000000100000000)
  eden space 556544K, 62% used [0x00000000d5580000,0x00000000ea9a92b0,0x00000000f7500000)
  from space 71168K, 99% used [0x00000000f7500000,0x00000000fba7fb80,0x00000000fba80000)
  to   space 71168K, 0% used [0x00000000fba80000,0x00000000fba80000,0x0000000100000000)
 ParOldGen       total 353792K, used 243631K [0x0000000080000000, 0x0000000095980000, 0x00000000d5580000)
  object space 353792K, 68% used [0x0000000080000000,0x000000008edebd60,0x0000000095980000)
 Metaspace       used 198540K, capacity 210294K, committed 232408K, reserved 1251328K
  class space    used 24463K, capacity 26596K, committed 31488K, reserved 1048576K
GC Heap History (10 events):
Event: 14378.121 GC heap before
{Heap before GC invocations=104 (full 9):
 PSYoungGen      total 614400K, used 542208K [0x00000000d5580000, 0x0000000100000000, 0x0000000100000000)
  eden space 542208K, 100% used [0x00000000d5580000,0x00000000f6700000,0x00000000f6700000)
  from space 72192K, 0% used [0x00000000fb980000,0x00000000fb980000,0x0000000100000000)
  to   space 78336K, 0% used [0x00000000f6700000,0x00000000f6700000,0x00000000fb380000)
 ParOldGen       total 353792K, used 170857K [0x0000000080000000, 0x0000000095980000, 0x00000000d5580000)
  object space 353792K, 48% used [0x0000000080000000,0x000000008a6da750,0x0000000095980000)
 Metaspace       used 181780K, capacity 193244K, committed 232408K, reserved 1251328K
  class space    used 22584K, capacity 24641K, committed 31488K, reserved 1048576K
Event: 14378.138 GC heap after
Heap after GC invocations=104 (full 9):
 PSYoungGen      total 620544K, used 13275K [0x00000000d5580000, 0x0000000100000000, 0x0000000100000000)
  eden space 542208K, 0% used [0x00000000d5580000,0x00000000d5580000,0x00000000f6700000)
  from space 78336K, 16% used [0x00000000f6700000,0x00000000f73f6f18,0x00000000fb380000)
  to   space 75776K, 0% used [0x00000000fb600000,0x00000000fb600000,0x0000000100000000)
 ParOldGen       total 353792K, used 170865K [0x0000000080000000, 0x0000000095980000, 0x00000000d5580000)
  object space 353792K, 48% used [0x0000000080000000,0x000000008a6dc750,0x0000000095980000)
 Metaspace       used 181780K, capacity 193244K, committed 232408K, reserved 1251328K
  class space    used 22584K, capacity 24641K, committed 31488K, reserved 1048576K
}
Event: 14390.603 GC heap before
{Heap before GC invocations=105 (full 9):
 PSYoungGen      total 620544K, used 555483K [0x00000000d5580000, 0x0000000100000000, 0x0000000100000000)
  eden space 542208K, 100% used [0x00000000d5580000,0x00000000f6700000,0x00000000f6700000)
  from space 78336K, 16% used [0x00000000f6700000,0x00000000f73f6f18,0x00000000fb380000)
  to   space 75776K, 0% used [0x00000000fb600000,0x00000000fb600000,0x0000000100000000)
 ParOldGen       total 353792K, used 170865K [0x0000000080000000, 0x0000000095980000, 0x00000000d5580000)
  object space 353792K, 48% used [0x0000000080000000,0x000000008a6dc750,0x0000000095980000)
 Metaspace       used 181780K, capacity 193244K, committed 232408K, reserved 1251328K
  class space    used 22584K, capacity 24641K, committed 31488K, reserved 1048576K
Event: 14390.621 GC heap after
Heap after GC invocations=105 (full 9):
 PSYoungGen      total 608768K, used 26561K [0x00000000d5580000, 0x00000000ff480000, 0x0000000100000000)
  eden space 544768K, 0% used [0x00000000d5580000,0x00000000d5580000,0x00000000f6980000)
  from space 64000K, 41% used [0x00000000fb600000,0x00000000fcff04f0,0x00000000ff480000)
  to   space 71168K, 0% used [0x00000000f6980000,0x00000000f6980000,0x00000000faf00000)
 ParOldGen       total 353792K, used 179810K [0x0000000080000000, 0x0000000095980000, 0x00000000d5580000)
  object space 353792K, 50% used [0x0000000080000000,0x000000008af98aa0,0x0000000095980000)
 Metaspace       used 181780K, capacity 193244K, committed 232408K, reserved 1251328K
  class space    used 22584K, capacity 24641K, committed 31488K, reserved 1048576K
}
Event: 14393.627 GC heap before
{Heap before GC invocations=106 (full 9):
 PSYoungGen      total 608768K, used 571329K [0x00000000d5580000, 0x00000000ff480000, 0x0000000100000000)
  eden space 544768K, 100% used [0x00000000d5580000,0x00000000f6980000,0x00000000f6980000)
  from space 64000K, 41% used [0x00000000fb600000,0x00000000fcff04f0,0x00000000ff480000)
  to   space 71168K, 0% used [0x00000000f6980000,0x00000000f6980000,0x00000000faf00000)
 ParOldGen       total 353792K, used 179810K [0x0000000080000000, 0x0000000095980000, 0x00000000d5580000)
  object space 353792K, 50% used [0x0000000080000000,0x000000008af98aa0,0x0000000095980000)
 Metaspace       used 181793K, capacity 193250K, committed 232408K, reserved 1251328K
  class space    used 22588K, capacity 24642K, committed 31488K, reserved 1048576K
Event: 14393.632 GC heap after
Heap after GC invocations=106 (full 9):
 PSYoungGen      total 615936K, used 1263K [0x00000000d5580000, 0x0000000100000000, 0x0000000100000000)
  eden space 544768K, 0% used [0x00000000d5580000,0x00000000d5580000,0x00000000f6980000)
  from space 71168K, 1% used [0x00000000f6980000,0x00000000f6abbe80,0x00000000faf00000)
  to   space 70656K, 0% used [0x00000000fbb00000,0x00000000fbb00000,0x0000000100000000)
 ParOldGen       total 353792K, used 179930K [0x0000000080000000, 0x0000000095980000, 0x00000000d5580000)
  object space 353792K, 50% used [0x0000000080000000,0x000000008afb6ae0,0x0000000095980000)
 Metaspace       used 181793K, capacity 193250K, committed 232408K, reserved 1251328K
  class space    used 22588K, capacity 24642K, committed 31488K, reserved 1048576K
}
Event: 14423.243 GC heap before
{Heap before GC invocations=107 (full 9):
 PSYoungGen      total 615936K, used 546031K [0x00000000d5580000, 0x0000000100000000, 0x0000000100000000)
  eden space 544768K, 100% used [0x00000000d5580000,0x00000000f6980000,0x00000000f6980000)
  from space 71168K, 1% used [0x00000000f6980000,0x00000000f6abbe80,0x00000000faf00000)
  to   space 70656K, 0% used [0x00000000fbb00000,0x00000000fbb00000,0x0000000100000000)
 ParOldGen       total 353792K, used 179930K [0x0000000080000000, 0x0000000095980000, 0x00000000d5580000)
  object space 353792K, 50% used [0x0000000080000000,0x000000008afb6ae0,0x0000000095980000)
 Metaspace       used 183017K, capacity 194486K, committed 232408K, reserved 1251328K
  class space    used 22767K, capacity 24832K, committed 31488K, reserved 1048576K
Event: 14423.274 GC heap after
Heap after GC invocations=107 (full 9):
 PSYoungGen      total 627200K, used 37561K [0x00000000d5580000, 0x0000000100000000, 0x0000000100000000)
  eden space 556544K, 0% used [0x00000000d5580000,0x00000000d5580000,0x00000000f7500000)
  from space 70656K, 53% used [0x00000000fbb00000,0x00000000fdfae400,0x0000000100000000)
  to   space 71168K, 0% used [0x00000000f7500000,0x00000000f7500000,0x00000000fba80000)
 ParOldGen       total 353792K, used 180176K [0x0000000080000000, 0x0000000095980000, 0x00000000d5580000)
  object space 353792K, 50% used [0x0000000080000000,0x000000008aff43f0,0x0000000095980000)
 Metaspace       used 183017K, capacity 194486K, committed 232408K, reserved 1251328K
  class space    used 22767K, capacity 24832K, committed 31488K, reserved 1048576K
}
Event: 14431.506 GC heap before
{Heap before GC invocations=108 (full 9):
 PSYoungGen      total 627200K, used 594105K [0x00000000d5580000, 0x0000000100000000, 0x0000000100000000)
  eden space 556544K, 100% used [0x00000000d5580000,0x00000000f7500000,0x00000000f7500000)
  from space 70656K, 53% used [0x00000000fbb00000,0x00000000fdfae400,0x0000000100000000)
  to   space 71168K, 0% used [0x00000000f7500000,0x00000000f7500000,0x00000000fba80000)
 ParOldGen       total 353792K, used 180176K [0x0000000080000000, 0x0000000095980000, 0x00000000d5580000)
  object space 353792K, 50% used [0x0000000080000000,0x000000008aff43f0,0x0000000095980000)
 Metaspace       used 198088K, capacity 209824K, committed 232408K, reserved 1251328K
  class space    used 24422K, capacity 26555K, committed 31488K, reserved 1048576K
Event: 14431.646 GC heap after
Heap after GC invocations=108 (full 9):
 PSYoungGen      total 627712K, used 71166K [0x00000000d5580000, 0x0000000100000000, 0x0000000100000000)
  eden space 556544K, 0% used [0x00000000d5580000,0x00000000d5580000,0x00000000f7500000)
  from space 71168K, 99% used [0x00000000f7500000,0x00000000fba7fb80,0x00000000fba80000)
  to   space 71168K, 0% used [0x00000000fba80000,0x00000000fba80000,0x0000000100000000)
 ParOldGen       total 353792K, used 243631K [0x0000000080000000, 0x0000000095980000, 0x00000000d5580000)
  object space 353792K, 68% used [0x0000000080000000,0x000000008edebd60,0x0000000095980000)
 Metaspace       used 198088K, capacity 209824K, committed 232408K, reserved 1251328K
  class space    used 24422K, capacity 26555K, committed 31488K, reserved 1048576K
}

